2025-04-18 14:30:10,085 - __main__ - INFO - 所有依赖已正确安装
2025-04-18 14:30:10,085 - __main__ - INFO - 收到立即运行参数，开始执行...
2025-04-18 14:30:10,085 - __main__ - INFO - 开始完整的数据收集和报表生成流程
2025-04-18 14:30:10,085 - __main__ - INFO - 运行爬虫: run_coffee_shrub_spider.py
2025-04-18 14:30:48,172 - __main__ - INFO - 所有依赖已正确安装
2025-04-18 14:30:48,172 - __main__ - INFO - 收到立即运行参数，开始执行...
2025-04-18 14:30:48,172 - __main__ - INFO - 开始完整的数据收集和报表生成流程
2025-04-18 14:30:48,173 - __main__ - INFO - 运行爬虫: run_coffee_shrub_spider.py
2025-04-18 14:41:48,160 - __main__ - INFO - 所有依赖已正确安装
2025-04-18 14:41:48,160 - __main__ - INFO - 收到立即运行参数，开始执行...
2025-04-18 14:41:48,160 - __main__ - INFO - 开始完整的数据收集和报表生成流程
2025-04-18 14:41:48,160 - __main__ - INFO - 运行爬虫: run_coffee_shrub_spider.py
2025-04-18 14:43:55,887 - __main__ - INFO - 爬虫 run_coffee_shrub_spider.py 运行完成
2025-04-18 14:43:55,888 - __main__ - INFO - 运行爬虫: run_sweet_marias_spider.py
2025-04-18 14:44:41,711 - __main__ - INFO - 爬虫 run_sweet_marias_spider.py 运行完成
2025-04-18 14:44:41,711 - __main__ - INFO - 运行爬虫: run_genuine_origin_spider.py
2025-04-18 14:45:49,736 - __main__ - INFO - 爬虫 run_genuine_origin_spider.py 运行完成
2025-04-18 14:45:49,736 - __main__ - INFO - 合并爬虫数据
2025-04-18 14:45:50,005 - __main__ - INFO - 数据合并完成
2025-04-18 14:45:50,005 - __main__ - INFO - 生成报表并发送邮件
2025-04-18 14:45:50,039 - __main__ - INFO - 使用最新数据文件: F:\rawBeans\results\merged_coffee_data_20250418_144549.json
2025-04-18 14:45:50,689 - __main__ - ERROR - 生成或发送报表时出错: name 'exchange_rate' is not defined
2025-04-18 14:45:50,692 - __main__ - ERROR - Traceback (most recent call last):
  File "F:\rawBeans\generate_report.py", line 138, in generate_and_send_report
    html_content = format_coffee_data.generate_html_table(categorized_data)
                   ^^^^^^^^^^^^^^^^^^^^^^^^^^^^^^^^^^^^^^^^^^^^^^^^^^^^^^^^
  File "F:\rawBeans\format_coffee_data.py", line 96, in generate_html_table
    <p>美元兑人民币汇率: """ + str(exchange_rate) + """</p>
                                   ^^^^^^^^^^^^^
NameError: name 'exchange_rate' is not defined

2025-04-18 14:45:50,692 - __main__ - INFO - 完整流程结束
2025-04-18 14:49:05,659 - __main__ - INFO - 所有依赖已正确安装
2025-04-18 14:49:05,659 - __main__ - INFO - 定时任务已设置
2025-04-18 14:49:05,659 - __main__ - INFO - - 每天凌晨2:00运行
2025-04-18 14:49:05,659 - __main__ - INFO - - 每周一上午9:00运行
2025-04-18 14:49:05,659 - __main__ - INFO - 开始定时任务调度器，按Ctrl+C退出
2025-04-18 14:49:14,263 - __main__ - INFO - 所有依赖已正确安装
2025-04-18 14:49:14,263 - __main__ - INFO - 收到立即运行参数，开始执行...
2025-04-18 14:49:14,264 - __main__ - INFO - 开始完整的数据收集和报表生成流程
2025-04-18 14:49:14,264 - __main__ - INFO - 运行爬虫: run_coffee_shrub_spider.py
